#
# There is insufficient memory for the Java Runtime Environment to continue.
# Native memory allocation (malloc) failed to allocate 1538256 bytes. Error detail: Chunk::new
# Possible reasons:
#   The system is out of physical RAM or swap space
#   This process is running with CompressedOops enabled, and the Java Heap may be blocking the growth of the native heap
# Possible solutions:
#   Reduce memory load on the system
#   Increase physical memory or swap space
#   Check if swap backing store is full
#   Decrease Java heap size (-Xmx/-Xms)
#   Decrease number of Java threads
#   Decrease Java thread stack sizes (-Xss)
#   Set larger code cache with -XX:ReservedCodeCacheSize=
#   JVM is running with Unscaled Compressed Oops mode in which the Java heap is
#     placed in the first 4GB address space. The Java Heap base address is the
#     maximum limit for the native heap growth. Please use -XX:HeapBaseMinAddress
#     to set the Java Heap base and to place the Java Heap above 4GB virtual address.
# This output file may be truncated or incomplete.
#
#  Out of Memory Error (arena.cpp:168), pid=14184, tid=65556
#
# JRE version: OpenJDK Runtime Environment (21.0.10) (build 21.0.10+-14961533-b1163.108)
# Java VM: OpenJDK 64-Bit Server VM (21.0.10+-14961533-b1163.108, mixed mode, tiered, compressed oops, compressed class ptrs, serial gc, windows-amd64)
# No core dump will be written. Minidumps are not enabled by default on client versions of Windows
#

---------------  S U M M A R Y ------------

Command Line: --add-opens=java.base/java.lang=ALL-UNNAMED --add-opens=java.base/java.lang.invoke=ALL-UNNAMED --add-opens=java.base/java.util=ALL-UNNAMED --add-opens=java.prefs/java.util.prefs=ALL-UNNAMED --add-exports=jdk.compiler/com.sun.tools.javac.api=ALL-UNNAMED --add-exports=jdk.compiler/com.sun.tools.javac.util=ALL-UNNAMED --add-opens=java.base/java.util=ALL-UNNAMED --add-opens=java.prefs/java.util.prefs=ALL-UNNAMED --add-opens=java.base/java.nio.charset=ALL-UNNAMED --add-opens=java.base/java.net=ALL-UNNAMED --add-opens=java.base/java.util.concurrent.atomic=ALL-UNNAMED --add-opens=java.xml/javax.xml.namespace=ALL-UNNAMED -XX:MaxMetaspaceSize=256m -XX:+UseSerialGC -Xmx1024m -Dfile.encoding=UTF-8 -Duser.country=BR -Duser.language=pt -Duser.variant -javaagent:C:\Users\mauri\.gradle\wrapper\dists\gradle-8.14.2-bin\2pb3mgt1p815evrl3weanttgr\gradle-8.14.2\lib\agents\gradle-instrumentation-agent-8.14.2.jar org.gradle.launcher.daemon.bootstrap.GradleDaemon 8.14.2

Host: 13th Gen Intel(R) Core(TM) i7-13650HX, 20 cores, 15G,  Windows 11 , 64 bit Build 26100 (10.0.26100.8328)
Time: Wed May 20 09:47:02 2026 Hora Padrăo da Bahia elapsed time: 4.161344 seconds (0d 0h 0m 4s)

---------------  T H R E A D  ---------------

Current thread (0x000001eecedbc1d0):  JavaThread "C2 CompilerThread0" daemon [_thread_in_native, id=65556, stack(0x00000037e6c00000,0x00000037e6d00000) (1024K)]


Current CompileTask:
C2:4161 5032   !   4       java.net.URLClassLoader$1::run (81 bytes)

Stack: [0x00000037e6c00000,0x00000037e6d00000]
Native frames: (J=compiled Java code, j=interpreted, Vv=VM code, C=native code)
V  [jvm.dll+0x6d78a9]
V  [jvm.dll+0x8665b3]
V  [jvm.dll+0x868bde]
V  [jvm.dll+0x8692c3]
V  [jvm.dll+0x280ee6]
V  [jvm.dll+0xc07cd]
V  [jvm.dll+0xc0d03]
V  [jvm.dll+0x3ba0cb]
V  [jvm.dll+0x385df7]
V  [jvm.dll+0x38526a]
V  [jvm.dll+0x249bd2]
V  [jvm.dll+0x2491a1]
V  [jvm.dll+0x1c76e4]
V  [jvm.dll+0x25891e]
V  [jvm.dll+0x256e66]
V  [jvm.dll+0x3f513e]
V  [jvm.dll+0x80fd28]
V  [jvm.dll+0x6d60fd]
C  [ucrtbase.dll+0x37b0]
C  [KERNEL32.DLL+0x2e957]
C  [ntdll.dll+0x427c]


---------------  P R O C E S S  ---------------

Threads class SMR info:
_java_thread_list=0x000001eeeaeb9ca0, length=36, elements={
0x000001eecef0df20, 0x000001eeced77880, 0x000001eeced7def0, 0x000001eeced7b870,
0x000001eecedae2d0, 0x000001eecedae940, 0x000001eecedaf7b0, 0x000001eecedbdd80,
0x000001eecedbc1d0, 0x000001eecedd3ed0, 0x000001eee1326280, 0x000001eee144f490,
0x000001eee62b05b0, 0x000001eee6fc85a0, 0x000001eee6f4ee70, 0x000001eee73f1fe0,
0x000001eee6293b80, 0x000001eee67e16f0, 0x000001eee6b74130, 0x000001eee6b74ea0,
0x000001eee7eebfa0, 0x000001eee7eeabf0, 0x000001eee7eea560, 0x000001eee7ee9ed0,
0x000001eee7ee91b0, 0x000001eee7ee9840, 0x000001eee7eeb910, 0x000001eee6f266f0,
0x000001eee6f26d80, 0x000001eee6f27410, 0x000001eee6f294e0, 0x000001eee6f287c0,
0x000001eee6f26060, 0x000001eee6f2a200, 0x000001eee6f2a890, 0x000001eee6f27aa0
}

Java Threads: ( => current thread )
  0x000001eecef0df20 JavaThread "main"                              [_thread_blocked, id=14308, stack(0x00000037e6200000,0x00000037e6300000) (1024K)]
  0x000001eeced77880 JavaThread "Common-Cleaner"             daemon [_thread_blocked, id=59856, stack(0x00000037e6500000,0x00000037e6600000) (1024K)]
  0x000001eeced7def0 JavaThread "Reference Handler"          daemon [_thread_blocked, id=20796, stack(0x00000037e6600000,0x00000037e6700000) (1024K)]
  0x000001eeced7b870 JavaThread "Finalizer"                  daemon [_thread_blocked, id=41112, stack(0x00000037e6700000,0x00000037e6800000) (1024K)]
  0x000001eecedae2d0 JavaThread "Signal Dispatcher"          daemon [_thread_blocked, id=13212, stack(0x00000037e6800000,0x00000037e6900000) (1024K)]
  0x000001eecedae940 JavaThread "Attach Listener"            daemon [_thread_blocked, id=7548, stack(0x00000037e6900000,0x00000037e6a00000) (1024K)]
  0x000001eecedaf7b0 JavaThread "Service Thread"             daemon [_thread_blocked, id=60628, stack(0x00000037e6a00000,0x00000037e6b00000) (1024K)]
  0x000001eecedbdd80 JavaThread "Monitor Deflation Thread"   daemon [_thread_blocked, id=47500, stack(0x00000037e6b00000,0x00000037e6c00000) (1024K)]
=>0x000001eecedbc1d0 JavaThread "C2 CompilerThread0"         daemon [_thread_in_native, id=65556, stack(0x00000037e6c00000,0x00000037e6d00000) (1024K)]
  0x000001eecedd3ed0 JavaThread "C1 CompilerThread0"         daemon [_thread_blocked, id=55660, stack(0x00000037e6d00000,0x00000037e6e00000) (1024K)]
  0x000001eee1326280 JavaThread "C1 CompilerThread1"         daemon [_thread_blocked, id=768, stack(0x00000037e6e00000,0x00000037e6f00000) (1024K)]
  0x000001eee144f490 JavaThread "Notification Thread"        daemon [_thread_blocked, id=57920, stack(0x00000037e6f00000,0x00000037e7000000) (1024K)]
  0x000001eee62b05b0 JavaThread "C1 CompilerThread2"         daemon [_thread_blocked, id=44948, stack(0x00000037e7000000,0x00000037e7100000) (1024K)]
  0x000001eee6fc85a0 JavaThread "C2 CompilerThread1"         daemon [_thread_in_native, id=4636, stack(0x00000037e7200000,0x00000037e7300000) (1024K)]
  0x000001eee6f4ee70 JavaThread "Daemon health stats"               [_thread_blocked, id=34260, stack(0x00000037e7300000,0x00000037e7400000) (1024K)]
  0x000001eee73f1fe0 JavaThread "Incoming local TCP Connector on port 50592"        [_thread_in_native, id=43992, stack(0x00000037e7400000,0x00000037e7500000) (1024K)]
  0x000001eee6293b80 JavaThread "Daemon periodic checks"            [_thread_blocked, id=45620, stack(0x00000037e7500000,0x00000037e7600000) (1024K)]
  0x000001eee67e16f0 JavaThread "Daemon"                            [_thread_blocked, id=48080, stack(0x00000037e7600000,0x00000037e7700000) (1024K)]
  0x000001eee6b74130 JavaThread "Handler for socket connection from /127.0.0.1:50592 to /127.0.0.1:50593"        [_thread_in_native, id=63352, stack(0x00000037e7700000,0x00000037e7800000) (1024K)]
  0x000001eee6b74ea0 JavaThread "Cancel handler"                    [_thread_blocked, id=56068, stack(0x00000037e7800000,0x00000037e7900000) (1024K)]
  0x000001eee7eebfa0 JavaThread "Daemon worker"                     [_thread_in_Java, id=40648, stack(0x00000037e7900000,0x00000037e7a00000) (1024K)]
  0x000001eee7eeabf0 JavaThread "Asynchronous log dispatcher for DefaultDaemonConnection: socket connection from /127.0.0.1:50592 to /127.0.0.1:50593"        [_thread_blocked, id=63260, stack(0x00000037e7a00000,0x00000037e7b00000) (1024K)]
  0x000001eee7eea560 JavaThread "Stdin handler"                     [_thread_blocked, id=41712, stack(0x00000037e7b00000,0x00000037e7c00000) (1024K)]
  0x000001eee7ee9ed0 JavaThread "Daemon client event forwarder"        [_thread_blocked, id=36432, stack(0x00000037e7c00000,0x00000037e7d00000) (1024K)]
  0x000001eee7ee91b0 JavaThread "Cache worker for journal cache (C:\Users\mauri\.gradle\caches\journal-1)"        [_thread_blocked, id=60176, stack(0x00000037e7d00000,0x00000037e7e00000) (1024K)]
  0x000001eee7ee9840 JavaThread "File lock request listener"        [_thread_in_native, id=10800, stack(0x00000037e7e00000,0x00000037e7f00000) (1024K)]
  0x000001eee7eeb910 JavaThread "Cache worker for file hash cache (C:\Users\mauri\.gradle\caches\8.14.2\fileHashes)"        [_thread_blocked, id=47820, stack(0x00000037e7f00000,0x00000037e8000000) (1024K)]
  0x000001eee6f266f0 JavaThread "Cache worker for file hash cache (C:\Users\mauri\Videos\data-engineering-workspace\SleepApp\android\.gradle\8.14.2\fileHashes)"        [_thread_blocked, id=19440, stack(0x00000037e8000000,0x00000037e8100000) (1024K)]
  0x000001eee6f26d80 JavaThread "Cache worker for Build Output Cleanup Cache (C:\Users\mauri\Videos\data-engineering-workspace\SleepApp\android\.gradle\buildOutputCleanup)"        [_thread_blocked, id=53240, stack(0x00000037e8100000,0x00000037e8200000) (1024K)]
  0x000001eee6f27410 JavaThread "File watcher server"        daemon [_thread_in_native, id=61332, stack(0x00000037e8200000,0x00000037e8300000) (1024K)]
  0x000001eee6f294e0 JavaThread "File watcher consumer"      daemon [_thread_blocked, id=59412, stack(0x00000037e8300000,0x00000037e8400000) (1024K)]
  0x000001eee6f287c0 JavaThread "jar transforms"                    [_thread_blocked, id=63572, stack(0x00000037e8400000,0x00000037e8500000) (1024K)]
  0x000001eee6f26060 JavaThread "Cache worker for checksums cache (C:\Users\mauri\Videos\data-engineering-workspace\SleepApp\android\.gradle\8.14.2\checksums)"        [_thread_blocked, id=59996, stack(0x00000037e8500000,0x00000037e8600000) (1024K)]
  0x000001eee6f2a200 JavaThread "Cache worker for file content cache (C:\Users\mauri\.gradle\caches\8.14.2\fileContent)"        [_thread_blocked, id=63148, stack(0x00000037e8600000,0x00000037e8700000) (1024K)]
  0x000001eee6f2a890 JavaThread "Cache worker for cache directory md-supplier (C:\Users\mauri\.gradle\caches\8.14.2\md-supplier)"        [_thread_blocked, id=46120, stack(0x00000037e8700000,0x00000037e8800000) (1024K)]
  0x000001eee6f27aa0 JavaThread "Cache worker for cache directory md-rule (C:\Users\mauri\.gradle\caches\8.14.2\md-rule)"        [_thread_blocked, id=32028, stack(0x00000037e8800000,0x00000037e8900000) (1024K)]
Total: 36

Other Threads:
  0x000001eeced081f0 VMThread "VM Thread"                           [id=44564, stack(0x00000037e6400000,0x00000037e6500000) (1024K)]
  0x000001eececfca00 WatcherThread "VM Periodic Task Thread"        [id=45832, stack(0x00000037e6300000,0x00000037e6400000) (1024K)]
Total: 2

Threads with active compile tasks:
C2 CompilerThread0  4176 5032   !   4       java.net.URLClassLoader$1::run (81 bytes)
C2 CompilerThread1  4176 5031   !   4       java.net.URLClassLoader::findClass (47 bytes)
Total: 2

VM state: not at safepoint (normal execution)

VM Mutex/Monitor currently owned by a thread: None

Heap address: 0x00000000c0000000, size: 1024 MB, Compressed Oops mode: 32-bit

CDS archive(s) not mapped
Compressed class space mapped at: 0x0000000100000000-0x000000010d000000, reserved size: 218103808
Narrow klass base: 0x0000000000000000, Narrow klass shift: 3, Narrow klass range: 0x10d000000

GC Precious Log:
 CardTable entry size: 512
 CPUs: 20 total, 20 available
 Memory: 16068M
 Large Page Support: Disabled
 NUMA Support: Disabled
 Compressed Oops: Enabled (32-bit)
 Heap Min Capacity: 8M
 Heap Initial Capacity: 252M
 Heap Max Capacity: 1G
 Pre-touch: Disabled

Heap:
 def new generation   total 77568K, used 64055K [0x00000000c0000000, 0x00000000c5420000, 0x00000000d5550000)
  eden space 68992K,  84% used [0x00000000c0000000, 0x00000000c39140a8, 0x00000000c4360000)
  from space 8576K,  65% used [0x00000000c4bc0000, 0x00000000c5139bc8, 0x00000000c5420000)
  to   space 8576K,   0% used [0x00000000c4360000, 0x00000000c4360000, 0x00000000c4bc0000)
 tenured generation   total 172032K, used 23995K [0x00000000d5550000, 0x00000000dfd50000, 0x0000000100000000)
   the space 172032K,  13% used [0x00000000d5550000, 0x00000000d6cbedd8, 0x00000000d6cbee00, 0x00000000dfd50000)
 Metaspace       used 51673K, committed 52928K, reserved 278528K
  class space    used 7085K, committed 7680K, reserved 212992K

Card table byte_map: [0x000001eece8b0000,0x000001eeceac0000] _byte_map_base: 0x000001eece2b0000

Polling page: 0x000001eecca70000

Metaspace:

Usage:
  Non-class:     43.54 MB used.
      Class:      6.92 MB used.
       Both:     50.46 MB used.

Virtual space:
  Non-class space:       64.00 MB reserved,      44.19 MB ( 69%) committed,  1 nodes.
      Class space:      208.00 MB reserved,       7.50 MB (  4%) committed,  1 nodes.
             Both:      272.00 MB reserved,      51.69 MB ( 19%) committed. 

Chunk freelists:
   Non-Class:  3.73 MB
       Class:  8.31 MB
        Both:  12.05 MB

MaxMetaspaceSize: 256.00 MB
CompressedClassSpaceSize: 208.00 MB
Initial GC threshold: 21.00 MB
Current GC threshold: 58.38 MB
CDS: off
 - commit_granule_bytes: 65536.
 - commit_granule_words: 8192.
 - virtual_space_node_default_size: 8388608.
 - enlarge_chunks_in_place: 1.
 - use_allocation_guard: 0.


Internal statistics:

num_allocs_failed_limit: 6.
num_arena_births: 2410.
num_arena_deaths: 0.
num_vsnodes_births: 2.
num_vsnodes_deaths: 0.
num_space_committed: 827.
num_space_uncommitted: 0.
num_chunks_returned_to_freelist: 6.
num_chunks_taken_from_freelist: 4303.
num_chunk_merges: 6.
num_chunk_splits: 2801.
num_chunks_enlarged: 1729.
num_inconsistent_stats: 0.

CodeHeap 'non-profiled nmethods': size=119168Kb used=2734Kb max_used=2734Kb free=116433Kb
 bounds [0x000001eed9c10000, 0x000001eed9ec0000, 0x000001eee1070000]
CodeHeap 'profiled nmethods': size=119104Kb used=9143Kb max_used=9143Kb free=109960Kb
 bounds [0x000001eed2070000, 0x000001eed2960000, 0x000001eed94c0000]
CodeHeap 'non-nmethods': size=7488Kb used=3456Kb max_used=4074Kb free=4031Kb
 bounds [0x000001eed94c0000, 0x000001eed98d0000, 0x000001eed9c10000]
CodeCache: size=245760Kb, used=15333Kb, max_used=15951Kb, free=230424Kb
 total_blobs=5477, nmethods=4663, adapters=718, full_count=0
Compilation: enabled, stopped_count=0, restarted_count=0

Compilation events (20 events):
Event: 3.141 Thread 0x000001eee62b05b0 nmethod 5190 0x000001eed9ebad10 code [0x000001eed9ebaea0, 0x000001eed9ebaf70]
Event: 3.141 Thread 0x000001eee1326280 nmethod 5189 0x000001eed294f490 code [0x000001eed294f6a0, 0x000001eed294fb28]
Event: 3.144 Thread 0x000001eee62b05b0 5191       3       sun.nio.fs.WindowsPath::addPrefixIfNeeded (17 bytes)
Event: 3.144 Thread 0x000001eee62b05b0 nmethod 5191 0x000001eed294fd90 code [0x000001eed294ff60, 0x000001eed29501d0]
Event: 3.145 Thread 0x000001eee62b05b0 5192       3       org.gradle.internal.service.TypeStringFormatter::format (178 bytes)
Event: 3.145 Thread 0x000001eee6401ff0 5193       3       java.util.concurrent.ConcurrentHashMap$Traverser::<init> (36 bytes)
Event: 3.146 Thread 0x000001eee62b05b0 nmethod 5192 0x000001eed2950310 code [0x000001eed2950760, 0x000001eed2951fd0]
Event: 3.146 Thread 0x000001eee6401ff0 nmethod 5193 0x000001eed2952810 code [0x000001eed29529c0, 0x000001eed2952b68]
Event: 3.146 Thread 0x000001eee6401ff0 5195       3       jdk.internal.misc.PreviewFeatures::isEnabled (4 bytes)
Event: 3.146 Thread 0x000001eee6401ff0 nmethod 5195 0x000001eed2952c10 code [0x000001eed2952da0, 0x000001eed2952e90]
Event: 3.146 Thread 0x000001eee1326280 5196       3       java.lang.Class::isUnnamedClass (36 bytes)
Event: 3.146 Thread 0x000001eee62b05b0 5197       3       java.lang.Class::getSimpleName (36 bytes)
Event: 3.146 Thread 0x000001eee1326280 nmethod 5196 0x000001eed2952f10 code [0x000001eed29530c0, 0x000001eed2953238]
Event: 3.146 Thread 0x000001eee62b05b0 nmethod 5197 0x000001eed2953310 code [0x000001eed29534e0, 0x000001eed2953760]
Event: 3.149 Thread 0x000001eee62b05b0 5198       3       org.objectweb.asm.Frame::execute (2303 bytes)
Event: 3.150 Thread 0x000001eecedd3ed0 5199       3       org.objectweb.asm.SymbolTable$Entry::<init> (17 bytes)
Event: 3.150 Thread 0x000001eee6401ff0 5200       3       org.gradle.internal.instantiation.generator.AsmBackedClassGenerator$ClassBuilderImpl::access$2600 (4 bytes)
Event: 3.150 Thread 0x000001eee6401ff0 nmethod 5200 0x000001eed2953890 code [0x000001eed2953a20, 0x000001eed2953b18]
Event: 3.150 Thread 0x000001eecedd3ed0 nmethod 5199 0x000001eed2953b90 code [0x000001eed2953d40, 0x000001eed2953ec0]
Event: 4.159 Thread 0x000001eee62b05b0 nmethod 5198 0x000001eed2953f90 code [0x000001eed2954de0, 0x000001eed295b278]

GC Heap History (14 events):
Event: 0.482 GC heap before
{Heap before GC invocations=0 (full 0):
 def new generation   total 77440K, used 68864K [0x00000000c0000000, 0x00000000c5400000, 0x00000000d5550000)
  eden space 68864K, 100% used [0x00000000c0000000, 0x00000000c4340000, 0x00000000c4340000)
  from space 8576K,   0% used [0x00000000c4340000, 0x00000000c4340000, 0x00000000c4ba0000)
  to   space 8576K,   0% used [0x00000000c4ba0000, 0x00000000c4ba0000, 0x00000000c5400000)
 tenured generation   total 172032K, used 0K [0x00000000d5550000, 0x00000000dfd50000, 0x0000000100000000)
   the space 172032K,   0% used [0x00000000d5550000, 0x00000000d5550000, 0x00000000d5550200, 0x00000000dfd50000)
 Metaspace       used 11661K, committed 11840K, reserved 278528K
  class space    used 1256K, committed 1344K, reserved 212992K
}
Event: 0.489 GC heap after
{Heap after GC invocations=1 (full 0):
 def new generation   total 77440K, used 7073K [0x00000000c0000000, 0x00000000c5400000, 0x00000000d5550000)
  eden space 68864K,   0% used [0x00000000c0000000, 0x00000000c0000000, 0x00000000c4340000)
  from space 8576K,  82% used [0x00000000c4ba0000, 0x00000000c5288788, 0x00000000c5400000)
  to   space 8576K,   0% used [0x00000000c4340000, 0x00000000c4340000, 0x00000000c4ba0000)
 tenured generation   total 172032K, used 3054K [0x00000000d5550000, 0x00000000dfd50000, 0x0000000100000000)
   the space 172032K,   1% used [0x00000000d5550000, 0x00000000d584b8f8, 0x00000000d584ba00, 0x00000000dfd50000)
 Metaspace       used 11661K, committed 11840K, reserved 278528K
  class space    used 1256K, committed 1344K, reserved 212992K
}
Event: 0.690 GC heap before
{Heap before GC invocations=1 (full 0):
 def new generation   total 77440K, used 75937K [0x00000000c0000000, 0x00000000c5400000, 0x00000000d5550000)
  eden space 68864K, 100% used [0x00000000c0000000, 0x00000000c4340000, 0x00000000c4340000)
  from space 8576K,  82% used [0x00000000c4ba0000, 0x00000000c5288788, 0x00000000c5400000)
  to   space 8576K,   0% used [0x00000000c4340000, 0x00000000c4340000, 0x00000000c4ba0000)
 tenured generation   total 172032K, used 3054K [0x00000000d5550000, 0x00000000dfd50000, 0x0000000100000000)
   the space 172032K,   1% used [0x00000000d5550000, 0x00000000d584b8f8, 0x00000000d584ba00, 0x00000000dfd50000)
 Metaspace       used 12666K, committed 12736K, reserved 278528K
  class space    used 1373K, committed 1408K, reserved 212992K
}
Event: 0.696 GC heap after
{Heap after GC invocations=2 (full 0):
 def new generation   total 77440K, used 735K [0x00000000c0000000, 0x00000000c5400000, 0x00000000d5550000)
  eden space 68864K,   0% used [0x00000000c0000000, 0x00000000c0000000, 0x00000000c4340000)
  from space 8576K,   8% used [0x00000000c4340000, 0x00000000c43f7c78, 0x00000000c4ba0000)
  to   space 8576K,   0% used [0x00000000c4ba0000, 0x00000000c4ba0000, 0x00000000c5400000)
 tenured generation   total 172032K, used 10066K [0x00000000d5550000, 0x00000000dfd50000, 0x0000000100000000)
   the space 172032K,   5% used [0x00000000d5550000, 0x00000000d5f24a38, 0x00000000d5f24c00, 0x00000000dfd50000)
 Metaspace       used 12666K, committed 12736K, reserved 278528K
  class space    used 1373K, committed 1408K, reserved 212992K
}
Event: 1.223 GC heap before
{Heap before GC invocations=2 (full 0):
 def new generation   total 77440K, used 69599K [0x00000000c0000000, 0x00000000c5400000, 0x00000000d5550000)
  eden space 68864K, 100% used [0x00000000c0000000, 0x00000000c4340000, 0x00000000c4340000)
  from space 8576K,   8% used [0x00000000c4340000, 0x00000000c43f7c78, 0x00000000c4ba0000)
  to   space 8576K,   0% used [0x00000000c4ba0000, 0x00000000c4ba0000, 0x00000000c5400000)
 tenured generation   total 172032K, used 10066K [0x00000000d5550000, 0x00000000dfd50000, 0x0000000100000000)
   the space 172032K,   5% used [0x00000000d5550000, 0x00000000d5f24a38, 0x00000000d5f24c00, 0x00000000dfd50000)
 Metaspace       used 17684K, committed 17984K, reserved 278528K
  class space    used 2033K, committed 2176K, reserved 212992K
}
Event: 1.229 GC heap after
{Heap after GC invocations=3 (full 0):
 def new generation   total 77440K, used 7125K [0x00000000c0000000, 0x00000000c5400000, 0x00000000d5550000)
  eden space 68864K,   0% used [0x00000000c0000000, 0x00000000c0000000, 0x00000000c4340000)
  from space 8576K,  83% used [0x00000000c4ba0000, 0x00000000c52955b0, 0x00000000c5400000)
  to   space 8576K,   0% used [0x00000000c4340000, 0x00000000c4340000, 0x00000000c4ba0000)
 tenured generation   total 172032K, used 10066K [0x00000000d5550000, 0x00000000dfd50000, 0x0000000100000000)
   the space 172032K,   5% used [0x00000000d5550000, 0x00000000d5f24a38, 0x00000000d5f24c00, 0x00000000dfd50000)
 Metaspace       used 17684K, committed 17984K, reserved 278528K
  class space    used 2033K, committed 2176K, reserved 212992K
}
Event: 1.400 GC heap before
{Heap before GC invocations=3 (full 0):
 def new generation   total 77440K, used 22514K [0x00000000c0000000, 0x00000000c5400000, 0x00000000d5550000)
  eden space 68864K,  22% used [0x00000000c0000000, 0x00000000c0f07538, 0x00000000c4340000)
  from space 8576K,  83% used [0x00000000c4ba0000, 0x00000000c52955b0, 0x00000000c5400000)
  to   space 8576K,   0% used [0x00000000c4340000, 0x00000000c4340000, 0x00000000c4ba0000)
 tenured generation   total 172032K, used 10066K [0x00000000d5550000, 0x00000000dfd50000, 0x0000000100000000)
   the space 172032K,   5% used [0x00000000d5550000, 0x00000000d5f24a38, 0x00000000d5f24c00, 0x00000000dfd50000)
 Metaspace       used 21192K, committed 21504K, reserved 278528K
  class space    used 2497K, committed 2624K, reserved 212992K
}
Event: 1.418 GC heap after
{Heap after GC invocations=4 (full 1):
 def new generation   total 77504K, used 0K [0x00000000c0000000, 0x00000000c5410000, 0x00000000d5550000)
  eden space 68928K,   0% used [0x00000000c0000000, 0x00000000c0000000, 0x00000000c4350000)
  from space 8576K,   0% used [0x00000000c4350000, 0x00000000c4350000, 0x00000000c4bb0000)
  to   space 8576K,   0% used [0x00000000c4bb0000, 0x00000000c4bb0000, 0x00000000c5410000)
 tenured generation   total 172032K, used 18670K [0x00000000d5550000, 0x00000000dfd50000, 0x0000000100000000)
   the space 172032K,  10% used [0x00000000d5550000, 0x00000000d678bba0, 0x00000000d678bc00, 0x00000000dfd50000)
 Metaspace       used 21192K, committed 21504K, reserved 278528K
  class space    used 2497K, committed 2624K, reserved 212992K
}
Event: 2.016 GC heap before
{Heap before GC invocations=4 (full 1):
 def new generation   total 77504K, used 68928K [0x00000000c0000000, 0x00000000c5410000, 0x00000000d5550000)
  eden space 68928K, 100% used [0x00000000c0000000, 0x00000000c4350000, 0x00000000c4350000)
  from space 8576K,   0% used [0x00000000c4350000, 0x00000000c4350000, 0x00000000c4bb0000)
  to   space 8576K,   0% used [0x00000000c4bb0000, 0x00000000c4bb0000, 0x00000000c5410000)
 tenured generation   total 172032K, used 18670K [0x00000000d5550000, 0x00000000dfd50000, 0x0000000100000000)
   the space 172032K,  10% used [0x00000000d5550000, 0x00000000d678bba0, 0x00000000d678bc00, 0x00000000dfd50000)
 Metaspace       used 31687K, committed 32384K, reserved 278528K
  class space    used 4226K, committed 4544K, reserved 212992K
}
Event: 2.023 GC heap after
{Heap after GC invocations=5 (full 1):
 def new generation   total 77504K, used 3980K [0x00000000c0000000, 0x00000000c5410000, 0x00000000d5550000)
  eden space 68928K,   0% used [0x00000000c0000000, 0x00000000c0000000, 0x00000000c4350000)
  from space 8576K,  46% used [0x00000000c4bb0000, 0x00000000c4f93240, 0x00000000c5410000)
  to   space 8576K,   0% used [0x00000000c4350000, 0x00000000c4350000, 0x00000000c4bb0000)
 tenured generation   total 172032K, used 18670K [0x00000000d5550000, 0x00000000dfd50000, 0x0000000100000000)
   the space 172032K,  10% used [0x00000000d5550000, 0x00000000d678bba0, 0x00000000d678bc00, 0x00000000dfd50000)
 Metaspace       used 31687K, committed 32384K, reserved 278528K
  class space    used 4226K, committed 4544K, reserved 212992K
}
Event: 2.204 GC heap before
{Heap before GC invocations=5 (full 1):
 def new generation   total 77504K, used 30643K [0x00000000c0000000, 0x00000000c5410000, 0x00000000d5550000)
  eden space 68928K,  38% used [0x00000000c0000000, 0x00000000c1a09a98, 0x00000000c4350000)
  from space 8576K,  46% used [0x00000000c4bb0000, 0x00000000c4f93240, 0x00000000c5410000)
  to   space 8576K,   0% used [0x00000000c4350000, 0x00000000c4350000, 0x00000000c4bb0000)
 tenured generation   total 172032K, used 18670K [0x00000000d5550000, 0x00000000dfd50000, 0x0000000100000000)
   the space 172032K,  10% used [0x00000000d5550000, 0x00000000d678bba0, 0x00000000d678bc00, 0x00000000dfd50000)
 Metaspace       used 35006K, committed 35840K, reserved 278528K
  class space    used 4808K, committed 5184K, reserved 212992K
}
Event: 2.232 GC heap after
{Heap after GC invocations=6 (full 2):
 def new generation   total 77568K, used 0K [0x00000000c0000000, 0x00000000c5420000, 0x00000000d5550000)
  eden space 68992K,   0% used [0x00000000c0000000, 0x00000000c0000000, 0x00000000c4360000)
  from space 8576K,   0% used [0x00000000c4360000, 0x00000000c4360000, 0x00000000c4bc0000)
  to   space 8576K,   0% used [0x00000000c4bc0000, 0x00000000c4bc0000, 0x00000000c5420000)
 tenured generation   total 172032K, used 23995K [0x00000000d5550000, 0x00000000dfd50000, 0x0000000100000000)
   the space 172032K,  13% used [0x00000000d5550000, 0x00000000d6cbedd8, 0x00000000d6cbee00, 0x00000000dfd50000)
 Metaspace       used 35006K, committed 35840K, reserved 278528K
  class space    used 4808K, committed 5184K, reserved 212992K
}
Event: 2.706 GC heap before
{Heap before GC invocations=6 (full 2):
 def new generation   total 77568K, used 68992K [0x00000000c0000000, 0x00000000c5420000, 0x00000000d5550000)
  eden space 68992K, 100% used [0x00000000c0000000, 0x00000000c4360000, 0x00000000c4360000)
  from space 8576K,   0% used [0x00000000c4360000, 0x00000000c4360000, 0x00000000c4bc0000)
  to   space 8576K,   0% used [0x00000000c4bc0000, 0x00000000c4bc0000, 0x00000000c5420000)
 tenured generation   total 172032K, used 23995K [0x00000000d5550000, 0x00000000dfd50000, 0x0000000100000000)
   the space 172032K,  13% used [0x00000000d5550000, 0x00000000d6cbedd8, 0x00000000d6cbee00, 0x00000000dfd50000)
 Metaspace       used 44958K, committed 45888K, reserved 278528K
  class space    used 6075K, committed 6528K, reserved 212992K
}
Event: 2.715 GC heap after
{Heap after GC invocations=7 (full 2):
 def new generation   total 77568K, used 5606K [0x00000000c0000000, 0x00000000c5420000, 0x00000000d5550000)
  eden space 68992K,   0% used [0x00000000c0000000, 0x00000000c0000000, 0x00000000c4360000)
  from space 8576K,  65% used [0x00000000c4bc0000, 0x00000000c5139bc8, 0x00000000c5420000)
  to   space 8576K,   0% used [0x00000000c4360000, 0x00000000c4360000, 0x00000000c4bc0000)
 tenured generation   total 172032K, used 23995K [0x00000000d5550000, 0x00000000dfd50000, 0x0000000100000000)
   the space 172032K,  13% used [0x00000000d5550000, 0x00000000d6cbedd8, 0x00000000d6cbee00, 0x00000000dfd50000)
 Metaspace       used 44958K, committed 45888K, reserved 278528K
  class space    used 6075K, committed 6528K, reserved 212992K
}

Dll operation events (3 events):
Event: 0.007 Loaded shared library C:\Program Files\Android\Android Studio\jbr\bin\java.dll
Event: 0.011 Loaded shared library C:\Program Files\Android\Android Studio\jbr\bin\zip.dll
Event: 0.343 Loaded shared library C:\Program Files\Android\Android Studio\jbr\bin\verify.dll

Deoptimization events (20 events):
Event: 3.052 Thread 0x000001eee7eebfa0 Uncommon trap: trap_request=0xffffffde fr.pc=0x000001eed9d55260 relative=0x00000000000000c0
Event: 3.052 Thread 0x000001eee7eebfa0 Uncommon trap: reason=class_check action=maybe_recompile pc=0x000001eed9d55260 method=java.util.stream.ReferencePipeline.forEachWithCancel(Ljava/util/Spliterator;Ljava/util/stream/Sink;)Z @ 1 c2
Event: 3.052 Thread 0x000001eee7eebfa0 DEOPT PACKING pc=0x000001eed9d55260 sp=0x00000037e79f8a10
Event: 3.052 Thread 0x000001eee7eebfa0 DEOPT UNPACKING pc=0x000001eed9513aa2 sp=0x00000037e79f89a8 mode 2
Event: 3.127 Thread 0x000001eee7eebfa0 Uncommon trap: trap_request=0xffffff45 fr.pc=0x000001eed9e727b4 relative=0x0000000000000954
Event: 3.127 Thread 0x000001eee7eebfa0 Uncommon trap: reason=unstable_if action=reinterpret pc=0x000001eed9e727b4 method=org.objectweb.asm.Frame.push(I)V @ 26 c2
Event: 3.127 Thread 0x000001eee7eebfa0 DEOPT PACKING pc=0x000001eed9e727b4 sp=0x00000037e79f99d0
Event: 3.127 Thread 0x000001eee7eebfa0 DEOPT UNPACKING pc=0x000001eed9513aa2 sp=0x00000037e79f98b8 mode 2
Event: 3.139 Thread 0x000001eee7eebfa0 Uncommon trap: trap_request=0xffffffc6 fr.pc=0x000001eed9e2d45c relative=0x00000000000002fc
Event: 3.139 Thread 0x000001eee7eebfa0 Uncommon trap: reason=bimorphic_or_optimized_type_check action=maybe_recompile pc=0x000001eed9e2d45c method=com.google.common.base.CharMatcher.indexIn(Ljava/lang/CharSequence;I)I @ 31 c2
Event: 3.139 Thread 0x000001eee7eebfa0 DEOPT PACKING pc=0x000001eed9e2d45c sp=0x00000037e79f9b70
Event: 3.139 Thread 0x000001eee7eebfa0 DEOPT UNPACKING pc=0x000001eed9513aa2 sp=0x00000037e79f9b18 mode 2
Event: 3.151 Thread 0x000001eee7eebfa0 Uncommon trap: trap_request=0xffffffde fr.pc=0x000001eed9e712b4 relative=0x0000000000000414
Event: 3.151 Thread 0x000001eee7eebfa0 Uncommon trap: reason=class_check action=maybe_recompile pc=0x000001eed9e712b4 method=java.util.stream.ReferencePipeline.forEachWithCancel(Ljava/util/Spliterator;Ljava/util/stream/Sink;)Z @ 1 c2
Event: 3.151 Thread 0x000001eee7eebfa0 DEOPT PACKING pc=0x000001eed9e712b4 sp=0x00000037e79f8750
Event: 3.160 Thread 0x000001eee6f4ee70 Uncommon trap: trap_request=0xffffffde fr.pc=0x000001eed9d55260 relative=0x00000000000000c0
Event: 3.160 Thread 0x000001eee6f4ee70 Uncommon trap: reason=class_check action=maybe_recompile pc=0x000001eed9d55260 method=java.util.stream.ReferencePipeline.forEachWithCancel(Ljava/util/Spliterator;Ljava/util/stream/Sink;)Z @ 1 c2
Event: 3.160 Thread 0x000001eee6f4ee70 DEOPT PACKING pc=0x000001eed9d55260 sp=0x00000037e73febd0
Event: 4.159 Thread 0x000001eee7eebfa0 DEOPT UNPACKING pc=0x000001eed9513aa2 sp=0x00000037e79f85a8 mode 2
Event: 4.159 Thread 0x000001eee6f4ee70 DEOPT UNPACKING pc=0x000001eed9513aa2 sp=0x00000037e73feb50 mode 2

Classes loaded (20 events):
Event: 3.083 Loading class java/lang/invoke/BoundMethodHandle$Species_LLLLLLLLLLLLLLLLLLLLLLLLLLLLL
Event: 3.083 Loading class java/lang/invoke/BoundMethodHandle$Species_LLLLLLLLLLLLLLLLLLLLLLLLLLLLL done
Event: 3.084 Loading class java/lang/invoke/BoundMethodHandle$Species_LLLLLLLLLLLLLLLLLLLLLLLLLLLLLL
Event: 3.084 Loading class java/lang/invoke/BoundMethodHandle$Species_LLLLLLLLLLLLLLLLLLLLLLLLLLLLLL done
Event: 3.084 Loading class java/lang/invoke/BoundMethodHandle$Species_LLLLLLLLLLLLLLLLLLLLLLLLLLLLLLL
Event: 3.084 Loading class java/lang/invoke/BoundMethodHandle$Species_LLLLLLLLLLLLLLLLLLLLLLLLLLLLLLL done
Event: 3.085 Loading class java/lang/invoke/BoundMethodHandle$Species_LLLLLLLLLLLLLLLLLLLLLLLLLLLLLLLL
Event: 3.085 Loading class java/lang/invoke/BoundMethodHandle$Species_LLLLLLLLLLLLLLLLLLLLLLLLLLLLLLLL done
Event: 3.133 Loading class java/util/PrimitiveIterator$OfInt
Event: 3.133 Loading class java/util/PrimitiveIterator
Event: 3.133 Loading class java/util/PrimitiveIterator done
Event: 3.133 Loading class java/util/PrimitiveIterator$OfInt done
Event: 3.136 Loading class java/util/concurrent/RecursiveAction
Event: 3.136 Loading class java/util/concurrent/RecursiveAction done
Event: 3.142 Loading class java/util/stream/ReduceOps$2
Event: 3.142 Loading class java/util/stream/ReduceOps$2 done
Event: 3.142 Loading class java/util/stream/ReduceOps$2ReducingSink
Event: 3.142 Loading class java/util/stream/ReduceOps$2ReducingSink done
Event: 3.147 Loading class java/lang/StringIndexOutOfBoundsException
Event: 3.147 Loading class java/lang/StringIndexOutOfBoundsException done

Classes unloaded (0 events):
No events

Classes redefined (0 events):
No events

Internal exceptions (20 events):
Event: 2.999 Thread 0x000001eee7eebfa0 Exception <a 'sun/nio/fs/WindowsException'{0x00000000c256c690}> (0x00000000c256c690) 
thrown [s\src\hotspot\share\prims\jni.cpp, line 537]
Event: 3.028 Thread 0x000001eee7eebfa0 Exception <a 'java/lang/NoSuchMethodError'{0x00000000c26cb148}: 'java.lang.Object java.lang.invoke.DirectMethodHandle$Holder.newInvokeSpecial(java.lang.Object, java.lang.Object, java.lang.Object, java.lang.Object, java.lang.Object, java.lang.Object, java.lang.Object, java.lang.Object, java.lang.Object, java.lang.Object, java.lang.Object, java.lang.Object)'> (0x00000000c26cb148) 
thrown [s\src\hotspot\share\interpreter\linkResolver.cpp, line 784]
Event: 3.028 Thread 0x000001eee7eebfa0 Exception <a 'java/lang/NoSuchMethodError'{0x00000000c26d0608}: 'java.lang.Object java.lang.invoke.Invokers$Holder.linkToTargetMethod(java.lang.Object, java.lang.Object, java.lang.Object, java.lang.Object, java.lang.Object, java.lang.Object, java.lang.Object, java.lang.Object, java.lang.Object, java.lang.Object, java.lang.Object, java.lang.Object)'> (0x00000000c26d0608) 
thrown [s\src\hotspot\share\interpreter\linkResolver.cpp, line 784]
Event: 3.042 Thread 0x000001eee7eebfa0 Exception <a 'sun/nio/fs/WindowsException'{0x00000000c27666a8}> (0x00000000c27666a8) 
thrown [s\src\hotspot\share\prims\jni.cpp, line 537]
Event: 3.043 Thread 0x000001eee7eebfa0 Exception <a 'java/lang/NoSuchMethodError'{0x00000000c276fb48}: 'java.lang.Object java.lang.invoke.DirectMethodHandle$Holder.newInvokeSpecial(java.lang.Object, java.lang.Object, java.lang.Object, java.lang.Object, java.lang.Object, java.lang.Object, java.lang.Object, java.lang.Object, java.lang.Object, java.lang.Object, java.lang.Object, java.lang.Object, java.lang.Object, java.lang.Object, java.lang.Object)'> (0x00000000c276fb48) 
thrown [s\src\hotspot\share\interpreter\linkResolver.cpp, line 784]
Event: 3.043 Thread 0x000001eee7eebfa0 Exception <a 'java/lang/NoSuchMethodError'{0x00000000c2775f78}: 'java.lang.Object java.lang.invoke.DirectMethodHandle$Holder.invokeSpecial(java.lang.Object, java.lang.Object, java.lang.Object, java.lang.Object, java.lang.Object, java.lang.Object, java.lang.Object, java.lang.Object, java.lang.Object, java.lang.Object, java.lang.Object, java.lang.Object, java.lang.Object, java.lang.Object, java.lang.Object, java.lang.Object)'> (0x00000000c2775f78) 
thrown [s\src\hotspot\share\interpreter\linkResolver.cpp, li
Event: 3.043 Thread 0x000001eee7eebfa0 Exception <a 'java/lang/NoSuchMethodError'{0x00000000c277b268}: 'java.lang.Object java.lang.invoke.DelegatingMethodHandle$Holder.reinvoke_L(java.lang.Object, java.lang.Object, java.lang.Object, java.lang.Object, java.lang.Object, java.lang.Object, java.lang.Object, java.lang.Object, java.lang.Object, java.lang.Object, java.lang.Object, java.lang.Object, java.lang.Object, java.lang.Object, java.lang.Object)'> (0x00000000c277b268) 
thrown [s\src\hotspot\share\interpreter\linkResolver.cpp, line 784]
Event: 3.065 Thread 0x000001eee7eebfa0 Exception <a 'sun/nio/fs/WindowsException'{0x00000000c2a9cad8}> (0x00000000c2a9cad8) 
thrown [s\src\hotspot\share\prims\jni.cpp, line 537]
Event: 3.077 Thread 0x000001eee7eebfa0 Exception <a 'java/lang/NoSuchMethodError'{0x00000000c2c1d318}: 'java.lang.Object java.lang.invoke.DelegatingMethodHandle$Holder.reinvoke_L(java.lang.Object, java.lang.Object, java.lang.Object, java.lang.Object, java.lang.Object, java.lang.Object, java.lang.Object, java.lang.Object, java.lang.Object, java.lang.Object, java.lang.Object, java.lang.Object, java.lang.Object, java.lang.Object, java.lang.Object, java.lang.Object, java.lang.Object, java.lang.Object, java.lang.Object, java.lang.Object, java.lang.O
Event: 3.080 Thread 0x000001eee7eebfa0 Exception <a 'java/lang/NoSuchMethodError'{0x00000000c2d075d0}: 'java.lang.Object java.lang.invoke.DirectMethodHandle$Holder.invokeStatic(java.lang.Object, java.lang.Object, java.lang.Object, java.lang.Object, java.lang.Object, java.lang.Object, java.lang.Object, java.lang.Object, java.lang.Object, java.lang.Object, java.lang.Object, java.lang.Object, java.lang.Object, java.lang.Object, java.lang.Object, java.lang.Object, java.lang.Object, java.lang.Object, java.lang.Object, java.lang.Object, java.lang.Obj
Event: 3.081 Thread 0x000001eee7eebfa0 Exception <a 'java/lang/NoSuchMethodError'{0x00000000c2d3dc60}: 'java.lang.Object java.lang.invoke.DirectMethodHandle$Holder.invokeStatic(java.lang.Object, java.lang.Object, java.lang.Object, java.lang.Object, java.lang.Object, java.lang.Object, java.lang.Object, java.lang.Object, java.lang.Object, java.lang.Object, java.lang.Object, java.lang.Object, java.lang.Object, java.lang.Object, java.lang.Object, java.lang.Object, java.lang.Object, java.lang.Object, java.lang.Object, java.lang.Object, java.lang.Obj
Event: 3.081 Thread 0x000001eee7eebfa0 Exception <a 'java/lang/NoSuchMethodError'{0x00000000c2d75ec0}: 'java.lang.Object java.lang.invoke.DirectMethodHandle$Holder.invokeStatic(java.lang.Object, java.lang.Object, java.lang.Object, java.lang.Object, java.lang.Object, java.lang.Object, java.lang.Object, java.lang.Object, java.lang.Object, java.lang.Object, java.lang.Object, java.lang.Object, java.lang.Object, java.lang.Object, java.lang.Object, java.lang.Object, java.lang.Object, java.lang.Object, java.lang.Object, java.lang.Object, java.lang.Obj
Event: 3.082 Thread 0x000001eee7eebfa0 Exception <a 'java/lang/NoSuchMethodError'{0x00000000c2daedf0}: 'java.lang.Object java.lang.invoke.DirectMethodHandle$Holder.invokeStatic(java.lang.Object, java.lang.Object, java.lang.Object, java.lang.Object, java.lang.Object, java.lang.Object, java.lang.Object, java.lang.Object, java.lang.Object, java.lang.Object, java.lang.Object, java.lang.Object, java.lang.Object, java.lang.Object, java.lang.Object, java.lang.Object, java.lang.Object, java.lang.Object, java.lang.Object, java.lang.Object, java.lang.Obj
Event: 3.083 Thread 0x000001eee7eebfa0 Exception <a 'java/lang/NoSuchMethodError'{0x00000000c2dea6f0}: 'java.lang.Object java.lang.invoke.DirectMethodHandle$Holder.invokeStatic(java.lang.Object, java.lang.Object, java.lang.Object, java.lang.Object, java.lang.Object, java.lang.Object, java.lang.Object, java.lang.Object, java.lang.Object, java.lang.Object, java.lang.Object, java.lang.Object, java.lang.Object, java.lang.Object, java.lang.Object, java.lang.Object, java.lang.Object, java.lang.Object, java.lang.Object, java.lang.Object, java.lang.Obj
Event: 3.084 Thread 0x000001eee7eebfa0 Exception <a 'java/lang/NoSuchMethodError'{0x00000000c2e27240}: 'java.lang.Object java.lang.invoke.DirectMethodHandle$Holder.invokeStatic(java.lang.Object, java.lang.Object, java.lang.Object, java.lang.Object, java.lang.Object, java.lang.Object, java.lang.Object, java.lang.Object, java.lang.Object, java.lang.Object, java.lang.Object, java.lang.Object, java.lang.Object, java.lang.Object, java.lang.Object, java.lang.Object, java.lang.Object, java.lang.Object, java.lang.Object, java.lang.Object, java.lang.Obj
Event: 3.085 Thread 0x000001eee7eebfa0 Exception <a 'java/lang/NoSuchMethodError'{0x00000000c2e653a0}: 'java.lang.Object java.lang.invoke.DirectMethodHandle$Holder.invokeStatic(java.lang.Object, java.lang.Object, java.lang.Object, java.lang.Object, java.lang.Object, java.lang.Object, java.lang.Object, java.lang.Object, java.lang.Object, java.lang.Object, java.lang.Object, java.lang.Object, java.lang.Object, java.lang.Object, java.lang.Object, java.lang.Object, java.lang.Object, java.lang.Object, java.lang.Object, java.lang.Object, java.lang.Obj
Event: 3.086 Thread 0x000001eee7eebfa0 Exception <a 'java/lang/NoSuchMethodError'{0x00000000c2ea50d8}: 'java.lang.Object java.lang.invoke.DirectMethodHandle$Holder.invokeStatic(java.lang.Object, java.lang.Object, java.lang.Object, java.lang.Object, java.lang.Object, java.lang.Object, java.lang.Object, java.lang.Object, java.lang.Object, java.lang.Object, java.lang.Object, java.lang.Object, java.lang.Object, java.lang.Object, java.lang.Object, java.lang.Object, java.lang.Object, java.lang.Object, java.lang.Object, java.lang.Object, java.lang.Obj
Event: 3.092 Thread 0x000001eee7eebfa0 Exception <a 'java/lang/NoSuchMethodError'{0x00000000c2f847c8}: 'java.lang.Object java.lang.invoke.DirectMethodHandle$Holder.newInvokeSpecial(java.lang.Object, java.lang.Object, java.lang.Object, java.lang.Object, java.lang.Object, java.lang.Object, java.lang.Object, java.lang.Object, java.lang.Object, java.lang.Object, java.lang.Object, java.lang.Object, java.lang.Object, java.lang.Object, java.lang.Object, java.lang.Object, java.lang.Object, java.lang.Object, java.lang.Object)'> (0x00000000c2f847c8) 
thr
Event: 3.092 Thread 0x000001eee7eebfa0 Exception <a 'java/lang/NoSuchMethodError'{0x00000000c2f8b498}: 'java.lang.Object java.lang.invoke.DirectMethodHandle$Holder.invokeSpecial(java.lang.Object, java.lang.Object, java.lang.Object, java.lang.Object, java.lang.Object, java.lang.Object, java.lang.Object, java.lang.Object, java.lang.Object, java.lang.Object, java.lang.Object, java.lang.Object, java.lang.Object, java.lang.Object, java.lang.Object, java.lang.Object, java.lang.Object, java.lang.Object, java.lang.Object, java.lang.Object)'> (0x0000000
Event: 3.092 Thread 0x000001eee7eebfa0 Exception <a 'java/lang/NoSuchMethodError'{0x00000000c2f90d58}: 'java.lang.Object java.lang.invoke.DelegatingMethodHandle$Holder.reinvoke_L(java.lang.Object, java.lang.Object, java.lang.Object, java.lang.Object, java.lang.Object, java.lang.Object, java.lang.Object, java.lang.Object, java.lang.Object, java.lang.Object, java.lang.Object, java.lang.Object, java.lang.Object, java.lang.Object, java.lang.Object, java.lang.Object, java.lang.Object, java.lang.Object, java.lang.Object)'> (0x00000000c2f90d58) 
throw

ZGC Phase Switch (0 events):
No events

VM Operations (20 events):
Event: 2.535 Executing non-safepoint VM operation: HandshakeAllThreads (Deoptimize) done
Event: 2.540 Executing non-safepoint VM operation: HandshakeAllThreads (Deoptimize)
Event: 2.540 Executing non-safepoint VM operation: HandshakeAllThreads (Deoptimize) done
Event: 2.541 Executing non-safepoint VM operation: HandshakeAllThreads (Deoptimize)
Event: 2.541 Executing non-safepoint VM operation: HandshakeAllThreads (Deoptimize) done
Event: 2.566 Executing non-safepoint VM operation: HandshakeAllThreads (Deoptimize)
Event: 2.566 Executing non-safepoint VM operation: HandshakeAllThreads (Deoptimize) done
Event: 2.634 Executing non-safepoint VM operation: HandshakeAllThreads (Deoptimize)
Event: 2.634 Executing non-safepoint VM operation: HandshakeAllThreads (Deoptimize) done
Event: 2.636 Executing non-safepoint VM operation: HandshakeAllThreads (Deoptimize)
Event: 2.636 Executing non-safepoint VM operation: HandshakeAllThreads (Deoptimize) done
Event: 2.644 Executing non-safepoint VM operation: HandshakeAllThreads (Deoptimize)
Event: 2.644 Executing non-safepoint VM operation: HandshakeAllThreads (Deoptimize) done
Event: 2.672 Executing safepoint VM operation: ICBufferFull
Event: 2.672 Executing safepoint VM operation: ICBufferFull done
Event: 2.706 Executing safepoint VM operation: GenCollectForAllocation (Allocation Failure)
Event: 2.715 Executing safepoint VM operation: GenCollectForAllocation (Allocation Failure) done
Event: 2.902 Executing safepoint VM operation: ICBufferFull
Event: 2.902 Executing safepoint VM operation: ICBufferFull done
Event: 3.909 Executing safepoint VM operation: Cleanup

Memory protections (0 events):
No events

Nmethod flushes (20 events):
Event: 2.216 Thread 0x000001eeced081f0 flushing  nmethod 0x000001eed24b2c90
Event: 2.216 Thread 0x000001eeced081f0 flushing  nmethod 0x000001eed24b4890
Event: 2.216 Thread 0x000001eeced081f0 flushing  nmethod 0x000001eed24b5510
Event: 2.216 Thread 0x000001eeced081f0 flushing  nmethod 0x000001eed24b6a10
Event: 2.216 Thread 0x000001eeced081f0 flushing  nmethod 0x000001eed24bba10
Event: 2.216 Thread 0x000001eeced081f0 flushing  nmethod 0x000001eed24c2410
Event: 2.216 Thread 0x000001eeced081f0 flushing  nmethod 0x000001eed24c7c10
Event: 2.216 Thread 0x000001eeced081f0 flushing  nmethod 0x000001eed2502190
Event: 2.216 Thread 0x000001eeced081f0 flushing  nmethod 0x000001eed2503e10
Event: 2.216 Thread 0x000001eeced081f0 flushing  nmethod 0x000001eed2505090
Event: 2.216 Thread 0x000001eeced081f0 flushing  nmethod 0x000001eed2509b90
Event: 2.216 Thread 0x000001eeced081f0 flushing  nmethod 0x000001eed2519510
Event: 2.216 Thread 0x000001eeced081f0 flushing  nmethod 0x000001eed255cf10
Event: 2.216 Thread 0x000001eeced081f0 flushing  nmethod 0x000001eed256db10
Event: 2.216 Thread 0x000001eeced081f0 flushing  nmethod 0x000001eed258f410
Event: 2.216 Thread 0x000001eeced081f0 flushing  nmethod 0x000001eed259cf90
Event: 2.216 Thread 0x000001eeced081f0 flushing  nmethod 0x000001eed259e390
Event: 2.216 Thread 0x000001eeced081f0 flushing  nmethod 0x000001eed259ed90
Event: 2.216 Thread 0x000001eeced081f0 flushing  nmethod 0x000001eed259f610
Event: 2.216 Thread 0x000001eeced081f0 flushing  nmethod 0x000001eed259fc90

Events (20 events):
Event: 1.309 Thread 0x000001eecef0df20 Thread added: 0x000001eee6293b80
Event: 1.347 Thread 0x000001eee73f1fe0 Thread added: 0x000001eee67e16f0
Event: 1.348 Thread 0x000001eee67e16f0 Thread added: 0x000001eee6b74130
Event: 1.377 Thread 0x000001eee67e16f0 Thread added: 0x000001eee6b74ea0
Event: 1.381 Thread 0x000001eee67e16f0 Thread added: 0x000001eee7eebfa0
Event: 1.387 Thread 0x000001eee7eebfa0 Thread added: 0x000001eee7eeabf0
Event: 1.388 Thread 0x000001eee7eebfa0 Thread added: 0x000001eee7eea560
Event: 1.389 Thread 0x000001eee7eebfa0 Thread added: 0x000001eee7ee9ed0
Event: 1.629 Thread 0x000001eee7eebfa0 Thread added: 0x000001eee7ee91b0
Event: 1.633 Thread 0x000001eee7eebfa0 Thread added: 0x000001eee7ee9840
Event: 1.648 Thread 0x000001eee7eebfa0 Thread added: 0x000001eee7eeb910
Event: 2.074 Thread 0x000001eee7eebfa0 Thread added: 0x000001eee6f266f0
Event: 2.081 Thread 0x000001eee7eebfa0 Thread added: 0x000001eee6f26d80
Event: 2.190 Thread 0x000001eee7eebfa0 Thread added: 0x000001eee6f27410
Event: 2.193 Thread 0x000001eee7eebfa0 Thread added: 0x000001eee6f294e0
Event: 2.676 Thread 0x000001eee7eebfa0 Thread added: 0x000001eee6f287c0
Event: 2.752 Thread 0x000001eee7eebfa0 Thread added: 0x000001eee6f26060
Event: 2.766 Thread 0x000001eee7eebfa0 Thread added: 0x000001eee6f2a200
Event: 3.041 Thread 0x000001eee7eebfa0 Thread added: 0x000001eee6f2a890
Event: 3.064 Thread 0x000001eee7eebfa0 Thread added: 0x000001eee6f27aa0


Dynamic libraries:
0x00007ff7fa440000 - 0x00007ff7fa44a000 	C:\Program Files\Android\Android Studio\jbr\bin\java.exe
0x00007ff9095a0000 - 0x00007ff909807000 	C:\Windows\SYSTEM32\ntdll.dll
0x00007ff9078c0000 - 0x00007ff907989000 	C:\Windows\System32\KERNEL32.DLL
0x00007ff906b00000 - 0x00007ff906ef7000 	C:\Windows\System32\KERNELBASE.dll
0x00007ff906900000 - 0x00007ff906a4b000 	C:\Windows\System32\ucrtbase.dll
0x00007ff8ef940000 - 0x00007ff8ef95b000 	C:\Program Files\Android\Android Studio\jbr\bin\VCRUNTIME140.dll
0x00007ff8b0020000 - 0x00007ff8b0038000 	C:\Program Files\Android\Android Studio\jbr\bin\jli.dll
0x00007ff907650000 - 0x00007ff907816000 	C:\Windows\System32\USER32.dll
0x00007ff906840000 - 0x00007ff906867000 	C:\Windows\System32\win32u.dll
0x00007ff8eca10000 - 0x00007ff8ecca2000 	C:\Windows\WinSxS\amd64_microsoft.windows.common-controls_6595b64144ccf1df_6.0.26100.8457_none_3e0b2faee331e92d\COMCTL32.dll
0x00007ff907990000 - 0x00007ff9079bb000 	C:\Windows\System32\GDI32.dll
0x00007ff908440000 - 0x00007ff9084e9000 	C:\Windows\System32\msvcrt.dll
0x00007ff907130000 - 0x00007ff90725c000 	C:\Windows\System32\gdi32full.dll
0x00007ff906f00000 - 0x00007ff906fa3000 	C:\Windows\System32\msvcp_win.dll
0x00007ff907a90000 - 0x00007ff907ac2000 	C:\Windows\System32\IMM32.DLL
0x00007ff8ef670000 - 0x00007ff8ef67c000 	C:\Program Files\Android\Android Studio\jbr\bin\vcruntime140_1.dll
0x00007ff812280000 - 0x00007ff81230d000 	C:\Program Files\Android\Android Studio\jbr\bin\msvcp140.dll
0x00007fffcb400000 - 0x00007fffcc096000 	C:\Program Files\Android\Android Studio\jbr\bin\server\jvm.dll
0x00007ff908cd0000 - 0x00007ff908d86000 	C:\Windows\System32\ADVAPI32.dll
0x00007ff908e90000 - 0x00007ff908f37000 	C:\Windows\System32\sechost.dll
0x00007ff907320000 - 0x00007ff907438000 	C:\Windows\System32\RPCRT4.dll
0x00007ff907820000 - 0x00007ff9078a0000 	C:\Windows\System32\WS2_32.dll
0x00007ff904bb0000 - 0x00007ff904c0e000 	C:\Windows\SYSTEM32\POWRPROF.dll
0x00007ff8fb2a0000 - 0x00007ff8fb2d6000 	C:\Windows\SYSTEM32\WINMM.dll
0x00007ff8fe460000 - 0x00007ff8fe46b000 	C:\Windows\SYSTEM32\VERSION.dll
0x00007ff904b90000 - 0x00007ff904ba4000 	C:\Windows\SYSTEM32\UMPDC.dll
0x00007ff904e80000 - 0x00007ff904e9b000 	C:\Windows\SYSTEM32\kernel.appcore.dll
0x00007ff8ef660000 - 0x00007ff8ef66a000 	C:\Program Files\Android\Android Studio\jbr\bin\jimage.dll
0x00007ff903e50000 - 0x00007ff904092000 	C:\Windows\SYSTEM32\DBGHELP.DLL
0x00007ff909160000 - 0x00007ff9094e3000 	C:\Windows\System32\combase.dll
0x00007ff908300000 - 0x00007ff9083d9000 	C:\Windows\System32\OLEAUT32.dll
0x00007ff8e9970000 - 0x00007ff8e99ab000 	C:\Windows\SYSTEM32\dbgcore.DLL
0x00007ff906a50000 - 0x00007ff906af8000 	C:\Windows\System32\bcryptPrimitives.dll
0x00007ff8b1b20000 - 0x00007ff8b1b2e000 	C:\Program Files\Android\Android Studio\jbr\bin\instrument.dll
0x00007ff8eda90000 - 0x00007ff8edab0000 	C:\Program Files\Android\Android Studio\jbr\bin\java.dll
0x00007ff8e9330000 - 0x00007ff8e9348000 	C:\Program Files\Android\Android Studio\jbr\bin\zip.dll
0x00007ff907ad0000 - 0x00007ff90823e000 	C:\Windows\System32\SHELL32.dll
0x00007ff905fd0000 - 0x00007ff90683c000 	C:\Windows\System32\windows.storage.dll
0x00007ff907520000 - 0x00007ff907616000 	C:\Windows\System32\SHCORE.dll
0x00007ff9094f0000 - 0x00007ff909556000 	C:\Windows\System32\shlwapi.dll
0x00007ff905ef0000 - 0x00007ff905f19000 	C:\Windows\SYSTEM32\profapi.dll
0x00007ff8ef650000 - 0x00007ff8ef660000 	C:\Program Files\Android\Android Studio\jbr\bin\net.dll
0x00007ff9000a0000 - 0x00007ff9001c9000 	C:\Windows\SYSTEM32\WINHTTP.dll
0x00007ff9053f0000 - 0x00007ff90545c000 	C:\Windows\system32\mswsock.dll
0x00007ff8d9520000 - 0x00007ff8d9536000 	C:\Program Files\Android\Android Studio\jbr\bin\nio.dll
0x00007ff8d9370000 - 0x00007ff8d9380000 	C:\Program Files\Android\Android Studio\jbr\bin\verify.dll
0x00007ff833070000 - 0x00007ff833097000 	C:\Users\mauri\.gradle\native\1def1411415f61bf3af743bc5b6707747c0891f09f0c88961ee8f79bc544acac\windows-amd64\native-platform.dll
0x00007ff81a8d0000 - 0x00007ff81a948000 	C:\Users\mauri\.gradle\native\0.2.7\x86_64-windows-gnu\gradle-fileevents.dll
0x00007ff8d97a0000 - 0x00007ff8d97a9000 	C:\Program Files\Android\Android Studio\jbr\bin\management.dll
0x00007ff8d9670000 - 0x00007ff8d967b000 	C:\Program Files\Android\Android Studio\jbr\bin\management_ext.dll
0x00007ff908430000 - 0x00007ff908438000 	C:\Windows\System32\PSAPI.DLL
0x00007ff904810000 - 0x00007ff904842000 	C:\Windows\SYSTEM32\IPHLPAPI.DLL
0x00007ff907a80000 - 0x00007ff907a8a000 	C:\Windows\System32\NSI.dll
0x00007ff8e09b0000 - 0x00007ff8e09b9000 	C:\Program Files\Android\Android Studio\jbr\bin\extnet.dll
0x00007ff9056d0000 - 0x00007ff9056eb000 	C:\Windows\SYSTEM32\CRYPTSP.dll
0x00007ff904de0000 - 0x00007ff904e19000 	C:\Windows\system32\rsaenh.dll
0x00007ff9054a0000 - 0x00007ff9054d3000 	C:\Windows\SYSTEM32\USERENV.dll
0x00007ff905ec0000 - 0x00007ff905eea000 	C:\Windows\SYSTEM32\bcrypt.dll
0x00007ff9056f0000 - 0x00007ff9056fc000 	C:\Windows\SYSTEM32\CRYPTBASE.dll
0x00007ff8df460000 - 0x00007ff8df468000 	C:\Windows\system32\wshunix.dll

JVMTI agents:
C:\Users\mauri\.gradle\wrapper\dists\gradle-8.14.2-bin\2pb3mgt1p815evrl3weanttgr\gradle-8.14.2\lib\agents\gradle-instrumentation-agent-8.14.2.jar path:C:\Program Files\Android\Android Studio\jbr\bin\instrument.dll, loaded, initialized, instrumentlib options:none

dbghelp: loaded successfully - version: 4.0.5 - missing functions: none
symbol engine: initialized successfully - sym options: 0x614 - pdb path: .;C:\Program Files\Android\Android Studio\jbr\bin;C:\Windows\SYSTEM32;C:\Windows\WinSxS\amd64_microsoft.windows.common-controls_6595b64144ccf1df_6.0.26100.8457_none_3e0b2faee331e92d;C:\Program Files\Android\Android Studio\jbr\bin\server;C:\Users\mauri\.gradle\native\1def1411415f61bf3af743bc5b6707747c0891f09f0c88961ee8f79bc544acac\windows-amd64;C:\Users\mauri\.gradle\native\0.2.7\x86_64-windows-gnu

VM Arguments:
jvm_args: --add-opens=java.base/java.lang=ALL-UNNAMED --add-opens=java.base/java.lang.invoke=ALL-UNNAMED --add-opens=java.base/java.util=ALL-UNNAMED --add-opens=java.prefs/java.util.prefs=ALL-UNNAMED --add-exports=jdk.compiler/com.sun.tools.javac.api=ALL-UNNAMED --add-exports=jdk.compiler/com.sun.tools.javac.util=ALL-UNNAMED --add-opens=java.base/java.util=ALL-UNNAMED --add-opens=java.prefs/java.util.prefs=ALL-UNNAMED --add-opens=java.base/java.nio.charset=ALL-UNNAMED --add-opens=java.base/java.net=ALL-UNNAMED --add-opens=java.base/java.util.concurrent.atomic=ALL-UNNAMED --add-opens=java.xml/javax.xml.namespace=ALL-UNNAMED -XX:MaxMetaspaceSize=256m -XX:+UseSerialGC -Xmx1024m -Dfile.encoding=UTF-8 -Duser.country=BR -Duser.language=pt -Duser.variant -javaagent:C:\Users\mauri\.gradle\wrapper\dists\gradle-8.14.2-bin\2pb3mgt1p815evrl3weanttgr\gradle-8.14.2\lib\agents\gradle-instrumentation-agent-8.14.2.jar 
java_command: org.gradle.launcher.daemon.bootstrap.GradleDaemon 8.14.2
java_class_path (initial): C:\Users\mauri\.gradle\wrapper\dists\gradle-8.14.2-bin\2pb3mgt1p815evrl3weanttgr\gradle-8.14.2\lib\gradle-daemon-main-8.14.2.jar
Launcher Type: SUN_STANDARD

[Global flags]
     intx CICompilerCount                          = 12                                        {product} {ergonomic}
   size_t CompressedClassSpaceSize                 = 218103808                                 {product} {ergonomic}
   size_t InitialHeapSize                          = 264241152                                 {product} {ergonomic}
   size_t MaxHeapSize                              = 1073741824                                {product} {command line}
   size_t MaxMetaspaceSize                         = 268435456                                 {product} {command line}
   size_t MaxNewSize                               = 357892096                                 {product} {ergonomic}
   size_t MinHeapDeltaBytes                        = 196608                                    {product} {ergonomic}
   size_t MinHeapSize                              = 8388608                                   {product} {ergonomic}
   size_t NewSize                                  = 88080384                                  {product} {ergonomic}
    uintx NonNMethodCodeHeapSize                   = 7602480                                {pd product} {ergonomic}
    uintx NonProfiledCodeHeapSize                  = 122027880                              {pd product} {ergonomic}
   size_t OldSize                                  = 176160768                                 {product} {ergonomic}
    uintx ProfiledCodeHeapSize                     = 122027880                              {pd product} {ergonomic}
    uintx ReservedCodeCacheSize                    = 251658240                              {pd product} {ergonomic}
     bool SegmentedCodeCache                       = true                                      {product} {ergonomic}
   size_t SoftMaxHeapSize                          = 1073741824                             {manageable} {ergonomic}
     bool UseCompressedOops                        = true                           {product lp64_product} {ergonomic}
     bool UseLargePagesIndividualAllocation        = false                                  {pd product} {ergonomic}
     bool UseSerialGC                              = true                                      {product} {command line}

Logging:
Log output configuration:
 #0: stdout all=warning uptime,level,tags foldmultilines=false
 #1: stderr all=off uptime,level,tags foldmultilines=false

Release file:
JAVA_VERSION="21.0.10" 
MODULES="java.base java.compiler java.datatransfer java.xml java.prefs java.desktop java.instrument java.logging java.management java.security.sasl java.naming java.rmi java.management.rmi java.net.http java.scripting java.security.jgss java.transaction.xa java.sql java.sql.rowset java.xml.crypto java.se java.smartcardio jdk.accessibility jdk.internal.jvmstat jdk.attach jdk.charsets jdk.internal.opt jdk.zipfs jdk.compiler jdk.crypto.ec jdk.crypto.cryptoki jdk.dynalink jdk.hotspot.agent jdk.httpserver jdk.internal.ed jdk.internal.le jdk.internal.vm.ci jdk.jartool jdk.javadoc jdk.jcmd jdk.jdeps jdk.jdwp.agent jdk.jdi jdk.jfr jdk.jlink jdk.jsobject jdk.localedata jdk.management jdk.management.agent jdk.management.jfr jdk.naming.dns jdk.naming.rmi jdk.net jdk.sctp jdk.security.auth jdk.security.jgss jdk.unsupported jdk.unsupported.desktop jdk.xml.dom" 
IMPLEMENTOR="JetBrains s.r.o." 
JAVA_RUNTIME_VERSION="21.0.10+-14961533-b1163.108" 
LIBC="default" 
OS_ARCH="x86_64" 
OS_NAME="Windows" 
SOURCE=".:git:1351622c2ff2" 

Environment Variables:
JAVA_HOME=C:\Program Files\Android\Android Studio\jbr
PATH=C:\Program Files\Android\Android Studio\jbr\bin;C:\Users\mauri\AppData\Local\Android\Sdk\platform-tools;C:\Windows\system32;C:\Windows;C:\Windows\System32\Wbem;C:\Windows\System32\WindowsPowerShell\v1.0\;C:\Windows\System32\OpenSSH\;C:\Program Files\dotnet\;C:\Program Files (x86)\NVIDIA Corporation\PhysX\Common;C:\Program Files (x86)\Microsoft SQL Server\160\DTS\Binn\;C:\Program Files\Git\cmd;C:\Program Files\cursor\resources\app\bin;C:\Program Files\Docker\Docker\resources\bin;C:\Program Files\Amazon\AWSCLIV2\;C:\Program Files\NVIDIA Corporation\NVIDIA App\NvDLISR;C:\Program Files\GitHub CLI\;C:\Program Files\nodejs\;C:\Windows\system32;C:\Windows;C:\Windows\System32\Wbem;C:\Windows\System32\WindowsPowerShell\v1.0\;C:\Windows\System32\OpenSSH\;C:\Program Files\dotnet\;C:\Program Files (x86)\NVIDIA Corporation\PhysX\Common;C:\Program Files (x86)\Microsoft SQL Server\160\DTS\Binn\;C:\Program Files\Git\cmd;C:\Program Files\cursor\resources\app\bin;C:\Program Files\Docker\Docker\resources\bin;C:\Program Files\Amazon\AWSCLIV2\;C:\Program Files\NVIDIA Corporation\NVIDIA App\NvDLISR;C:\Program Files\MySQL\MySQL Shell 8.0\bin\;C:\Windows\system32;C:\Windows;C:\Windows\System32\Wbem;C:\Windows\System32\WindowsPowerShell\v1.0\;C:\Windows\System32\OpenSSH\;C:\Program Files\dotnet\;C:\Program Files (x86)\NVIDIA Corporation\PhysX\Common;C:\Program Files\NVIDIA Corporation\NVIDIA NvDLISR;C:\Users\mauri\AppData\Local\Programs\Python\Python313;C:\Users\mauri\AppData\Local\Programs\Python\Python313\Scripts;C\WebDriver\bin;C:\Users\mauri\AppData\Local\Programs\Microsoft VS Code\bin;C:\Users\mauri\AppData\Local\GitHubDesktop\bin;C:\Users\mauri\.local\bin;C:\Users\mauri\.local\bin;C:\Users\mauri\.bun\bin;C:\Users\mauri\AppData\Roaming\npm;C:\Users\mauri\AppData\Local\Programs\Antigravity\bin
USERNAME=mauri
OS=Windows_NT
PROCESSOR_IDENTIFIER=Intel64 Family 6 Model 183 Stepping 1, GenuineIntel
TMP=C:\Users\mauri\AppData\Local\Temp
TEMP=C:\Users\mauri\AppData\Local\Temp




Periodic native trim disabled

JNI global refs:
JNI global refs: 33, weak refs: 5

JNI global refs memory usage: 835, weak refs: 833

Process memory usage:
Resident Set Size: 293656K (1% of 16454352K total physical memory with 387716K free physical memory)

OOME stack traces (most recent first):
Classloader memory used:
Loader org.gradle.internal.classloader.VisitableURLClassLoader                         : 24588K
Loader bootstrap                                                                       : 21863K
Loader org.gradle.initialization.MixInLegacyTypesClassLoader                           : 4415K
Loader jdk.internal.loader.ClassLoaders$PlatformClassLoader                            : 547K
Loader jdk.internal.loader.ClassLoaders$AppClassLoader                                 : 236K
Loader org.gradle.groovy.scripts.internal.DefaultScriptCompilationHandler$ScriptClassLoader: 23936B
Loader org.codehaus.groovy.runtime.callsite.CallSiteClassLoader                        : 3680B

Classes loaded by more than one classloader:
Class org.gradle.internal.classloader.FilteringClassLoader                            : loaded 2 times (x 105B)
Class org.gradle.internal.classloader.ClassLoaderHierarchy                            : loaded 2 times (x 70B)
Class org.gradle.api.internal.classpath.ManifestUtil                                  : loaded 2 times (x 71B)
Class org.gradle.internal.classloader.DefaultClassLoaderFactory                       : loaded 2 times (x 82B)
Class org.gradle.internal.classloader.ClassLoaderVisitor                              : loaded 2 times (x 76B)
Class org.gradle.api.internal.classpath.EffectiveClassPath                            : loaded 2 times (x 90B)
Class org.gradle.api.internal.DefaultClassPathProvider                                : loaded 2 times (x 76B)
Class [Lorg.gradle.api.internal.ClassPathProvider;                                    : loaded 2 times (x 69B)
Class org.gradle.api.internal.ClassPathProvider                                       : loaded 2 times (x 70B)
Class org.gradle.internal.service.UnknownServiceException                             : loaded 2 times (x 83B)
Class org.gradle.internal.classpath.TransformedClassPath                              : loaded 2 times (x 96B)
Class org.gradle.internal.classloader.InstrumentingClassLoader                        : loaded 2 times (x 70B)
Class org.gradle.internal.service.ServiceLocator                                      : loaded 2 times (x 70B)
Class org.gradle.internal.InternalTransformer                                         : loaded 2 times (x 70B)
Class org.gradle.internal.classloader.ClasspathUtil$1                                 : loaded 2 times (x 76B)
Class org.gradle.api.internal.classpath.DefaultModuleRegistry$DefaultModule           : loaded 2 times (x 86B)
Class org.gradle.api.internal.classpath.Module                                        : loaded 2 times (x 70B)
Class org.gradle.api.internal.classpath.UnknownModuleException                        : loaded 2 times (x 82B)
Class org.gradle.api.internal.DefaultClassPathRegistry                                : loaded 2 times (x 76B)
Class org.gradle.api.internal.ClassPathRegistry                                       : loaded 2 times (x 70B)
Class org.gradle.internal.classpath.DefaultClassPath$ImmutableUniqueList              : loaded 2 times (x 199B)
Class org.gradle.internal.classpath.ClassPath                                         : loaded 2 times (x 70B)
Class org.gradle.api.UncheckedIOException                                             : loaded 2 times (x 82B)
Class org.gradle.internal.installation.GradleInstallation$1                           : loaded 2 times (x 75B)
Class org.gradle.api.internal.classpath.ModuleRegistry                                : loaded 2 times (x 70B)
Class org.gradle.api.internal.classpath.DefaultModuleRegistry                         : loaded 2 times (x 86B)
Class org.gradle.internal.service.ServiceLookupException                              : loaded 2 times (x 82B)
Class org.gradle.internal.classloader.ClassLoaderFactory                              : loaded 2 times (x 70B)
Class org.gradle.internal.service.CachingServiceLocator                               : loaded 2 times (x 82B)
Class org.gradle.internal.classloader.ClasspathUtil                                   : loaded 2 times (x 71B)
Class org.gradle.api.specs.Spec                                                       : loaded 2 times (x 70B)
Class org.gradle.internal.classloader.VisitableURLClassLoader$InstrumentingVisitableURLClassLoader: loaded 2 times (x 123B)
Class org.gradle.internal.classloader.VisitableURLClassLoader$Spec                    : loaded 2 times (x 74B)
Class org.gradle.internal.classpath.DefaultClassPath                                  : loaded 2 times (x 90B)
Class org.gradle.internal.classloader.ClassLoaderSpec                                 : loaded 2 times (x 71B)
Class org.gradle.internal.classloader.VisitableURLClassLoader                         : loaded 2 times (x 117B)
Class org.gradle.internal.Cast                                                        : loaded 2 times (x 71B)
Class org.gradle.api.Action                                                           : loaded 2 times (x 70B)
Class org.gradle.internal.classpath.DefaultClassPath$ImmutableUniqueList$Builder      : loaded 2 times (x 75B)
Class org.gradle.api.GradleException                                                  : loaded 2 times (x 82B)
Class org.gradle.internal.IoActions                                                   : loaded 2 times (x 71B)
Class org.gradle.internal.classloader.SystemClassLoaderSpec                           : loaded 2 times (x 71B)
Class org.gradle.api.internal.classpath.GlobalCacheRootsProvider                      : loaded 2 times (x 70B)
Class org.gradle.internal.installation.CurrentGradleInstallationLocator               : loaded 2 times (x 71B)
Class org.gradle.internal.service.DefaultServiceLocator                               : loaded 2 times (x 83B)
Class org.gradle.internal.installation.CurrentGradleInstallation                      : loaded 2 times (x 73B)
Class org.gradle.util.internal.GUtil                                                  : loaded 2 times (x 71B)
Class org.gradle.internal.installation.GradleInstallation                             : loaded 2 times (x 75B)

---------------  S Y S T E M  ---------------

OS:
 Windows 11 , 64 bit Build 26100 (10.0.26100.8328)
OS uptime: 2 days 1:07 hours
Hyper-V role detected

CPU: total 20 (initial active 20) (10 cores per cpu, 2 threads per core) family 6 model 183 stepping 1 microcode 0x133, cx8, cmov, fxsr, ht, mmx, 3dnowpref, sse, sse2, sse3, ssse3, sse4.1, sse4.2, popcnt, lzcnt, tsc, tscinvbit, avx, avx2, aes, erms, clmul, bmi1, bmi2, adx, sha, fma, vzeroupper, clflush, clflushopt, clwb, hv, serialize, rdtscp, rdpid, fsrm, f16c, cet_ibt, cet_ss
Processor Information for processor 0
  Max Mhz: 2600, Current Mhz: 2600, Mhz Limit: 2600
Processor Information for processor 1
  Max Mhz: 2600, Current Mhz: 2600, Mhz Limit: 2600
Processor Information for processor 2
  Max Mhz: 2600, Current Mhz: 2600, Mhz Limit: 2600
Processor Information for processor 3
  Max Mhz: 2600, Current Mhz: 2600, Mhz Limit: 2600
Processor Information for processor 4
  Max Mhz: 2600, Current Mhz: 2600, Mhz Limit: 2600
Processor Information for processor 5
  Max Mhz: 2600, Current Mhz: 2600, Mhz Limit: 2600
Processor Information for processor 6
  Max Mhz: 2600, Current Mhz: 2600, Mhz Limit: 2600
Processor Information for processor 7
  Max Mhz: 2600, Current Mhz: 2600, Mhz Limit: 2600
Processor Information for processor 8
  Max Mhz: 2600, Current Mhz: 2600, Mhz Limit: 2600
Processor Information for processor 9
  Max Mhz: 2600, Current Mhz: 2600, Mhz Limit: 2600
Processor Information for processor 10
  Max Mhz: 2600, Current Mhz: 2600, Mhz Limit: 2600
Processor Information for processor 11
  Max Mhz: 2600, Current Mhz: 2600, Mhz Limit: 2600
Processor Information for processor 12
  Max Mhz: 2600, Current Mhz: 2600, Mhz Limit: 2600
Processor Information for processor 13
  Max Mhz: 2600, Current Mhz: 2600, Mhz Limit: 2600
Processor Information for processor 14
  Max Mhz: 2600, Current Mhz: 1505, Mhz Limit: 2600
Processor Information for processor 15
  Max Mhz: 2600, Current Mhz: 2600, Mhz Limit: 2600
Processor Information for processor 16
  Max Mhz: 2600, Current Mhz: 2600, Mhz Limit: 2600
Processor Information for processor 17
  Max Mhz: 2600, Current Mhz: 2600, Mhz Limit: 2600
Processor Information for processor 18
  Max Mhz: 2600, Current Mhz: 2600, Mhz Limit: 2600
Processor Information for processor 19
  Max Mhz: 2600, Current Mhz: 2600, Mhz Limit: 2600

Memory: 4k page, system-wide physical 16068M (381M free)
TotalPageFile size 65220M (AvailPageFile size 39M)
current process WorkingSet (physical memory assigned to process): 284M, peak: 286M
current process commit charge ("private bytes"): 426M, peak: 428M

vm_info: OpenJDK 64-Bit Server VM (21.0.10+-14961533-b1163.108) for windows-amd64 JRE (21.0.10+-14961533-b1163.108), built on 2026-03-02T19:58:50Z by "builder" with MS VC++ 16.10 / 16.11 (VS2019)

END.
